2020-10-19 22:47:24,982  | root | DEBUG | Python 3.9.0 (tags/v3.9.0:9cf6752, Oct  5 2020, 15:34:40) [MSC v.1927 64 bit (AMD64)] 64bit on win32

2020-10-19 22:47:52,003  | root | DEBUG | Python 3.9.0 (tags/v3.9.0:9cf6752, Oct  5 2020, 15:34:40) [MSC v.1927 64 bit (AMD64)] 64bit on win32

2020-10-19 22:47:52,089  | root | DEBUG | PID: 10748662 | HWND: 10748662 | Name: Zoom
2020-10-19 22:47:52,090  | root | DEBUG | PID: 6816652 | HWND: 6816652 | Name: ZPToolBarParentWnd
2020-10-19 22:47:52,107  | root | DEBUG | Two Zoom proccesses were found, proceeding with process with accurate vector information...
2020-10-19 22:47:52,107  | root | ERROR | Zoom client contained invalid vector boundaries. Testing the toolbar vector boundaries...
2020-10-19 22:47:52,115  | root | ERROR | Both processes were found but neither had accurate vector boundaries, is zoom minimised?
2020-10-19 22:47:58,279  | root | DEBUG | Python 3.9.0 (tags/v3.9.0:9cf6752, Oct  5 2020, 15:34:40) [MSC v.1927 64 bit (AMD64)] 64bit on win32

2020-10-19 22:47:58,365  | root | DEBUG | PID: 10748662 | HWND: 10748662 | Name: Zoom
2020-10-19 22:47:58,366  | root | DEBUG | PID: 6816652 | HWND: 6816652 | Name: ZPToolBarParentWnd
2020-10-19 22:47:58,383  | root | DEBUG | Two Zoom proccesses were found, proceeding with process with accurate vector information...
2020-10-19 22:47:58,386  | root | DEBUG | Zoom client vector structure is valid.
2020-10-19 22:49:18,839  | root | DEBUG | Python 3.9.0 (tags/v3.9.0:9cf6752, Oct  5 2020, 15:34:40) [MSC v.1927 64 bit (AMD64)] 64bit on win32

2020-10-19 22:49:18,926  | root | DEBUG | PID: 10748662 | HWND: 10748662 | Name: Zoom
2020-10-19 22:49:18,927  | root | DEBUG | PID: 6816652 | HWND: 6816652 | Name: ZPToolBarParentWnd
2020-10-19 22:49:18,945  | root | DEBUG | Two Zoom proccesses were found, proceeding with process with accurate vector information...
2020-10-19 22:49:18,952  | root | DEBUG | Zoom client vector structure is valid.
2020-10-19 22:49:27,734  | root | DEBUG | Python 3.9.0 (tags/v3.9.0:9cf6752, Oct  5 2020, 15:34:40) [MSC v.1927 64 bit (AMD64)] 64bit on win32

2020-10-19 22:49:27,822  | root | DEBUG | PID: 10748662 | HWND: 10748662 | Name: Zoom
2020-10-19 22:49:27,823  | root | DEBUG | PID: 6816652 | HWND: 6816652 | Name: ZPToolBarParentWnd
2020-10-19 22:49:27,839  | root | DEBUG | Two Zoom proccesses were found, proceeding with process with accurate vector information...
2020-10-19 22:49:27,840  | root | DEBUG | Zoom client vector structure is valid.
2020-10-19 22:49:39,667  | root | DEBUG | Python 3.9.0 (tags/v3.9.0:9cf6752, Oct  5 2020, 15:34:40) [MSC v.1927 64 bit (AMD64)] 64bit on win32

2020-10-19 22:49:39,754  | root | DEBUG | PID: 10748662 | HWND: 10748662 | Name: Zoom
2020-10-19 22:49:39,755  | root | DEBUG | PID: 6816652 | HWND: 6816652 | Name: ZPToolBarParentWnd
2020-10-19 22:49:39,771  | root | DEBUG | Two Zoom proccesses were found, proceeding with process with accurate vector information...
2020-10-19 22:49:39,773  | root | DEBUG | Zoom client vector structure is valid.
2020-10-19 22:50:40,358  | root | DEBUG | Python 3.9.0 (tags/v3.9.0:9cf6752, Oct  5 2020, 15:34:40) [MSC v.1927 64 bit (AMD64)] 64bit on win32

2020-10-19 22:50:40,444  | root | DEBUG | PID: 10748662 | HWND: 10748662 | Name: Zoom
2020-10-19 22:50:40,445  | root | DEBUG | PID: 6816652 | HWND: 6816652 | Name: ZPToolBarParentWnd
2020-10-19 22:50:40,462  | root | DEBUG | Two Zoom proccesses were found, proceeding with process with accurate vector information...
2020-10-19 22:50:40,468  | root | DEBUG | Zoom client vector structure is valid.
2020-10-19 22:50:48,230  | root | DEBUG | Python 3.9.0 (tags/v3.9.0:9cf6752, Oct  5 2020, 15:34:40) [MSC v.1927 64 bit (AMD64)] 64bit on win32

2020-10-19 22:50:48,315  | root | DEBUG | PID: 10748662 | HWND: 10748662 | Name: Zoom
2020-10-19 22:50:48,316  | root | DEBUG | PID: 6816652 | HWND: 6816652 | Name: ZPToolBarParentWnd
2020-10-19 22:50:48,333  | root | DEBUG | Two Zoom proccesses were found, proceeding with process with accurate vector information...
2020-10-19 22:50:48,336  | root | DEBUG | Zoom client vector structure is valid.
2020-10-19 22:51:03,382  | root | DEBUG | Python 3.9.0 (tags/v3.9.0:9cf6752, Oct  5 2020, 15:34:40) [MSC v.1927 64 bit (AMD64)] 64bit on win32

2020-10-19 22:51:03,468  | root | DEBUG | PID: 10748662 | HWND: 10748662 | Name: Zoom
2020-10-19 22:51:03,470  | root | DEBUG | PID: 6816652 | HWND: 6816652 | Name: ZPToolBarParentWnd
2020-10-19 22:51:03,487  | root | DEBUG | Two Zoom proccesses were found, proceeding with process with accurate vector information...
2020-10-19 22:51:03,487  | root | DEBUG | Zoom client vector structure is valid.
2020-10-19 22:51:12,775  | root | DEBUG | Python 3.9.0 (tags/v3.9.0:9cf6752, Oct  5 2020, 15:34:40) [MSC v.1927 64 bit (AMD64)] 64bit on win32

2020-10-19 22:51:12,862  | root | DEBUG | PID: 10748662 | HWND: 10748662 | Name: Zoom
2020-10-19 22:51:12,863  | root | DEBUG | PID: 6816652 | HWND: 6816652 | Name: ZPToolBarParentWnd
2020-10-19 22:51:12,881  | root | DEBUG | Two Zoom proccesses were found, proceeding with process with accurate vector information...
2020-10-19 22:51:12,881  | root | DEBUG | Zoom client vector structure is valid.
2020-10-19 22:52:20,038  | root | DEBUG | Python 3.9.0 (tags/v3.9.0:9cf6752, Oct  5 2020, 15:34:40) [MSC v.1927 64 bit (AMD64)] 64bit on win32

2020-10-19 22:54:54,325  | root | DEBUG | Python 3.9.0 (tags/v3.9.0:9cf6752, Oct  5 2020, 15:34:40) [MSC v.1927 64 bit (AMD64)] 64bit on win32

2020-10-19 22:54:54,419  | root | DEBUG | PID: 10748662 | HWND: 10748662 | Name: Zoom
2020-10-19 22:54:54,420  | root | DEBUG | PID: 6816652 | HWND: 6816652 | Name: ZPToolBarParentWnd
2020-10-19 22:54:54,438  | root | DEBUG | Two Zoom proccesses were found, proceeding with process with accurate vector information...
2020-10-19 22:54:54,439  | root | DEBUG | Zoom client vector structure is valid.
2020-10-19 22:56:18,712  | root | DEBUG | Python 3.9.0 (tags/v3.9.0:9cf6752, Oct  5 2020, 15:34:40) [MSC v.1927 64 bit (AMD64)] 64bit on win32

2020-10-19 22:57:18,566  | root | DEBUG | Python 3.9.0 (tags/v3.9.0:9cf6752, Oct  5 2020, 15:34:40) [MSC v.1927 64 bit (AMD64)] 64bit on win32

2020-10-19 22:57:18,653  | root | DEBUG | PID: 10748662 | HWND: 10748662 | Name: Zoom
2020-10-19 22:57:18,654  | root | DEBUG | PID: 6816652 | HWND: 6816652 | Name: ZPToolBarParentWnd
2020-10-19 22:57:18,668  | root | DEBUG | Two Zoom proccesses were found, proceeding with process with accurate vector information...
2020-10-19 22:57:18,668  | root | DEBUG | Zoom client vector structure is valid.
2020-10-19 22:57:30,928  | root | DEBUG | Python 3.9.0 (tags/v3.9.0:9cf6752, Oct  5 2020, 15:34:40) [MSC v.1927 64 bit (AMD64)] 64bit on win32

2020-10-19 22:57:31,013  | root | DEBUG | PID: 10748662 | HWND: 10748662 | Name: Zoom
2020-10-19 22:57:31,014  | root | DEBUG | PID: 6816652 | HWND: 6816652 | Name: ZPToolBarParentWnd
2020-10-19 22:57:31,028  | root | DEBUG | Two Zoom proccesses were found, proceeding with process with accurate vector information...
2020-10-19 22:57:31,035  | root | DEBUG | Zoom client vector structure is valid.
2020-10-19 22:57:33,698  | root | DEBUG | Python 3.9.0 (tags/v3.9.0:9cf6752, Oct  5 2020, 15:34:40) [MSC v.1927 64 bit (AMD64)] 64bit on win32

2020-10-19 22:57:33,782  | root | DEBUG | PID: 10748662 | HWND: 10748662 | Name: Zoom
2020-10-19 22:57:33,783  | root | DEBUG | PID: 6816652 | HWND: 6816652 | Name: ZPToolBarParentWnd
2020-10-19 22:57:33,797  | root | DEBUG | Two Zoom proccesses were found, proceeding with process with accurate vector information...
2020-10-19 22:57:33,797  | root | DEBUG | Zoom client vector structure is valid.
2020-10-19 22:58:17,637  | root | DEBUG | Python 3.9.0 (tags/v3.9.0:9cf6752, Oct  5 2020, 15:34:40) [MSC v.1927 64 bit (AMD64)] 64bit on win32

2020-10-19 22:58:17,723  | root | DEBUG | PID: 10748662 | HWND: 10748662 | Name: Zoom
2020-10-19 22:58:17,724  | root | DEBUG | PID: 6816652 | HWND: 6816652 | Name: ZPToolBarParentWnd
2020-10-19 22:58:17,744  | root | DEBUG | Two Zoom proccesses were found, proceeding with process with accurate vector information...
2020-10-19 22:58:17,745  | root | DEBUG | Zoom client vector structure is valid.
2020-10-19 22:58:42,487  | root | DEBUG | Python 3.9.0 (tags/v3.9.0:9cf6752, Oct  5 2020, 15:34:40) [MSC v.1927 64 bit (AMD64)] 64bit on win32

2020-10-19 22:58:42,572  | root | DEBUG | PID: 10748662 | HWND: 10748662 | Name: Zoom
2020-10-19 22:58:42,573  | root | DEBUG | PID: 6816652 | HWND: 6816652 | Name: ZPToolBarParentWnd
2020-10-19 22:58:42,587  | root | DEBUG | Two Zoom proccesses were found, proceeding with process with accurate vector information...
2020-10-19 22:58:42,587  | root | DEBUG | Zoom client vector structure is valid.
2020-10-19 22:59:07,350  | root | DEBUG | Python 3.9.0 (tags/v3.9.0:9cf6752, Oct  5 2020, 15:34:40) [MSC v.1927 64 bit (AMD64)] 64bit on win32

2020-10-19 22:59:07,433  | root | DEBUG | PID: 10748662 | HWND: 10748662 | Name: Zoom
2020-10-19 22:59:07,434  | root | DEBUG | PID: 6816652 | HWND: 6816652 | Name: ZPToolBarParentWnd
2020-10-19 22:59:07,448  | root | DEBUG | Two Zoom proccesses were found, proceeding with process with accurate vector information...
2020-10-19 22:59:07,454  | root | DEBUG | Zoom client vector structure is valid.
2020-10-19 22:59:09,313  | root | DEBUG | Python 3.9.0 (tags/v3.9.0:9cf6752, Oct  5 2020, 15:34:40) [MSC v.1927 64 bit (AMD64)] 64bit on win32

2020-10-19 22:59:09,398  | root | DEBUG | PID: 10748662 | HWND: 10748662 | Name: Zoom
2020-10-19 22:59:09,400  | root | DEBUG | PID: 6816652 | HWND: 6816652 | Name: ZPToolBarParentWnd
2020-10-19 22:59:09,413  | root | DEBUG | Two Zoom proccesses were found, proceeding with process with accurate vector information...
2020-10-19 22:59:09,420  | root | DEBUG | Zoom client vector structure is valid.
2020-10-19 22:59:11,906  | root | DEBUG | Python 3.9.0 (tags/v3.9.0:9cf6752, Oct  5 2020, 15:34:40) [MSC v.1927 64 bit (AMD64)] 64bit on win32

2020-10-19 22:59:11,991  | root | DEBUG | PID: 10748662 | HWND: 10748662 | Name: Zoom
2020-10-19 22:59:11,992  | root | DEBUG | PID: 6816652 | HWND: 6816652 | Name: ZPToolBarParentWnd
2020-10-19 22:59:12,006  | root | DEBUG | Two Zoom proccesses were found, proceeding with process with accurate vector information...
2020-10-19 22:59:12,012  | root | DEBUG | Zoom client vector structure is valid.
2020-10-19 22:59:14,512  | root | DEBUG | Python 3.9.0 (tags/v3.9.0:9cf6752, Oct  5 2020, 15:34:40) [MSC v.1927 64 bit (AMD64)] 64bit on win32

2020-10-19 22:59:14,600  | root | DEBUG | PID: 10748662 | HWND: 10748662 | Name: Zoom
2020-10-19 22:59:14,602  | root | DEBUG | PID: 6816652 | HWND: 6816652 | Name: ZPToolBarParentWnd
2020-10-19 22:59:14,615  | root | DEBUG | Two Zoom proccesses were found, proceeding with process with accurate vector information...
2020-10-19 22:59:14,615  | root | DEBUG | Zoom client vector structure is valid.
2020-10-19 22:59:16,126  | root | DEBUG | Python 3.9.0 (tags/v3.9.0:9cf6752, Oct  5 2020, 15:34:40) [MSC v.1927 64 bit (AMD64)] 64bit on win32

2020-10-19 22:59:16,212  | root | DEBUG | PID: 10748662 | HWND: 10748662 | Name: Zoom
2020-10-19 22:59:16,215  | root | DEBUG | PID: 6816652 | HWND: 6816652 | Name: ZPToolBarParentWnd
2020-10-19 22:59:16,229  | root | DEBUG | Two Zoom proccesses were found, proceeding with process with accurate vector information...
2020-10-19 22:59:16,233  | root | DEBUG | Zoom client vector structure is valid.
2020-10-19 23:01:22,245  | root | DEBUG | Python 3.9.0 (tags/v3.9.0:9cf6752, Oct  5 2020, 15:34:40) [MSC v.1927 64 bit (AMD64)] 64bit on win32

2020-10-19 23:01:22,329  | root | DEBUG | PID: 10748662 | HWND: 10748662 | Name: Zoom
2020-10-19 23:01:22,330  | root | DEBUG | PID: 6816652 | HWND: 6816652 | Name: ZPToolBarParentWnd
2020-10-19 23:01:22,345  | root | DEBUG | Two Zoom proccesses were found, proceeding with process with accurate vector information...
2020-10-19 23:01:22,352  | root | DEBUG | Zoom client vector structure is valid.
2020-10-19 23:01:28,690  | root | DEBUG | Python 3.9.0 (tags/v3.9.0:9cf6752, Oct  5 2020, 15:34:40) [MSC v.1927 64 bit (AMD64)] 64bit on win32

2020-10-19 23:01:28,778  | root | DEBUG | PID: 10748662 | HWND: 10748662 | Name: Zoom
2020-10-19 23:01:28,779  | root | DEBUG | PID: 6816652 | HWND: 6816652 | Name: ZPToolBarParentWnd
2020-10-19 23:01:28,794  | root | DEBUG | Two Zoom proccesses were found, proceeding with process with accurate vector information...
2020-10-19 23:01:28,794  | root | DEBUG | Zoom client vector structure is valid.
2020-10-19 23:02:13,319  | root | DEBUG | Python 3.9.0 (tags/v3.9.0:9cf6752, Oct  5 2020, 15:34:40) [MSC v.1927 64 bit (AMD64)] 64bit on win32

2020-10-19 23:02:13,405  | root | DEBUG | PID: 10748662 | HWND: 10748662 | Name: Zoom
2020-10-19 23:02:13,406  | root | DEBUG | PID: 6816652 | HWND: 6816652 | Name: ZPToolBarParentWnd
2020-10-19 23:02:13,421  | root | DEBUG | Two Zoom proccesses were found, proceeding with process with accurate vector information...
2020-10-19 23:02:13,421  | root | ERROR | Zoom client contained invalid vector boundaries. Testing the toolbar vector boundaries...
2020-10-19 23:02:13,422  | root | ERROR | Both processes were found but neither had accurate vector boundaries, is zoom minimised?
2020-10-19 23:02:19,041  | root | DEBUG | Python 3.9.0 (tags/v3.9.0:9cf6752, Oct  5 2020, 15:34:40) [MSC v.1927 64 bit (AMD64)] 64bit on win32

2020-10-19 23:02:19,126  | root | DEBUG | PID: 10748662 | HWND: 10748662 | Name: Zoom
2020-10-19 23:02:19,128  | root | DEBUG | PID: 6816652 | HWND: 6816652 | Name: ZPToolBarParentWnd
2020-10-19 23:02:19,143  | root | DEBUG | Two Zoom proccesses were found, proceeding with process with accurate vector information...
2020-10-19 23:02:19,143  | root | ERROR | Zoom client contained invalid vector boundaries. Testing the toolbar vector boundaries...
2020-10-19 23:02:19,143  | root | ERROR | Both processes were found but neither had accurate vector boundaries, is zoom minimised?
2020-10-19 23:02:20,145  | root | DEBUG | Python 3.9.0 (tags/v3.9.0:9cf6752, Oct  5 2020, 15:34:40) [MSC v.1927 64 bit (AMD64)] 64bit on win32

2020-10-19 23:02:20,229  | root | DEBUG | PID: 10748662 | HWND: 10748662 | Name: Zoom
2020-10-19 23:02:20,230  | root | DEBUG | PID: 6816652 | HWND: 6816652 | Name: ZPToolBarParentWnd
2020-10-19 23:02:20,245  | root | DEBUG | Two Zoom proccesses were found, proceeding with process with accurate vector information...
2020-10-19 23:02:20,248  | root | ERROR | Zoom client contained invalid vector boundaries. Testing the toolbar vector boundaries...
2020-10-19 23:02:20,248  | root | ERROR | Both processes were found but neither had accurate vector boundaries, is zoom minimised?
2020-10-19 23:02:29,589  | root | DEBUG | Python 3.9.0 (tags/v3.9.0:9cf6752, Oct  5 2020, 15:34:40) [MSC v.1927 64 bit (AMD64)] 64bit on win32

2020-10-19 23:02:29,674  | root | DEBUG | PID: 10748662 | HWND: 10748662 | Name: Zoom
2020-10-19 23:02:29,676  | root | DEBUG | PID: 6816652 | HWND: 6816652 | Name: ZPToolBarParentWnd
2020-10-19 23:02:29,690  | root | DEBUG | Two Zoom proccesses were found, proceeding with process with accurate vector information...
2020-10-19 23:02:29,691  | root | DEBUG | Zoom client vector structure is valid.
2020-10-19 23:02:31,522  | root | DEBUG | Python 3.9.0 (tags/v3.9.0:9cf6752, Oct  5 2020, 15:34:40) [MSC v.1927 64 bit (AMD64)] 64bit on win32

2020-10-19 23:02:31,608  | root | DEBUG | PID: 10748662 | HWND: 10748662 | Name: Zoom
2020-10-19 23:02:31,609  | root | DEBUG | PID: 6816652 | HWND: 6816652 | Name: ZPToolBarParentWnd
2020-10-19 23:02:31,624  | root | DEBUG | Two Zoom proccesses were found, proceeding with process with accurate vector information...
2020-10-19 23:02:31,631  | root | DEBUG | Zoom client vector structure is valid.
2020-10-19 23:03:04,375  | root | DEBUG | Python 3.9.0 (tags/v3.9.0:9cf6752, Oct  5 2020, 15:34:40) [MSC v.1927 64 bit (AMD64)] 64bit on win32

2020-10-19 23:03:04,460  | root | DEBUG | PID: 10748662 | HWND: 10748662 | Name: Zoom
2020-10-19 23:03:04,461  | root | DEBUG | PID: 6816652 | HWND: 6816652 | Name: ZPToolBarParentWnd
2020-10-19 23:03:04,475  | root | DEBUG | Two Zoom proccesses were found, proceeding with process with accurate vector information...
2020-10-19 23:03:04,482  | root | ERROR | Zoom client contained invalid vector boundaries. Testing the toolbar vector boundaries...
2020-10-19 23:03:04,482  | root | ERROR | Both processes were found but neither had accurate vector boundaries, is zoom minimised?
2020-10-19 23:03:06,112  | root | DEBUG | Python 3.9.0 (tags/v3.9.0:9cf6752, Oct  5 2020, 15:34:40) [MSC v.1927 64 bit (AMD64)] 64bit on win32

2020-10-19 23:03:06,197  | root | DEBUG | PID: 10748662 | HWND: 10748662 | Name: Zoom
2020-10-19 23:03:06,198  | root | DEBUG | PID: 6816652 | HWND: 6816652 | Name: ZPToolBarParentWnd
2020-10-19 23:03:06,213  | root | DEBUG | Two Zoom proccesses were found, proceeding with process with accurate vector information...
2020-10-19 23:03:06,218  | root | ERROR | Zoom client contained invalid vector boundaries. Testing the toolbar vector boundaries...
2020-10-19 23:03:06,218  | root | ERROR | Both processes were found but neither had accurate vector boundaries, is zoom minimised?
2020-10-19 23:03:12,370  | root | DEBUG | Python 3.9.0 (tags/v3.9.0:9cf6752, Oct  5 2020, 15:34:40) [MSC v.1927 64 bit (AMD64)] 64bit on win32

2020-10-19 23:03:12,454  | root | DEBUG | PID: 10748662 | HWND: 10748662 | Name: Zoom
2020-10-19 23:03:12,455  | root | DEBUG | PID: 6816652 | HWND: 6816652 | Name: ZPToolBarParentWnd
2020-10-19 23:03:12,470  | root | DEBUG | Two Zoom proccesses were found, proceeding with process with accurate vector information...
2020-10-19 23:03:12,476  | root | ERROR | Zoom client contained invalid vector boundaries. Testing the toolbar vector boundaries...
2020-10-19 23:03:12,476  | root | ERROR | Both processes were found but neither had accurate vector boundaries, is zoom minimised?
2020-10-19 23:03:24,072  | root | DEBUG | Python 3.9.0 (tags/v3.9.0:9cf6752, Oct  5 2020, 15:34:40) [MSC v.1927 64 bit (AMD64)] 64bit on win32

2020-10-19 23:03:24,158  | root | DEBUG | PID: 10748662 | HWND: 10748662 | Name: Zoom
2020-10-19 23:03:24,159  | root | DEBUG | PID: 6816652 | HWND: 6816652 | Name: ZPToolBarParentWnd
2020-10-19 23:03:24,174  | root | DEBUG | Two Zoom proccesses were found, proceeding with process with accurate vector information...
2020-10-19 23:03:24,174  | root | ERROR | Zoom client contained invalid vector boundaries. Testing the toolbar vector boundaries...
2020-10-19 23:03:24,174  | root | ERROR | Both processes were found but neither had accurate vector boundaries, is zoom minimised?
2020-10-19 23:03:25,026  | root | DEBUG | Python 3.9.0 (tags/v3.9.0:9cf6752, Oct  5 2020, 15:34:40) [MSC v.1927 64 bit (AMD64)] 64bit on win32

2020-10-19 23:03:25,110  | root | DEBUG | PID: 10748662 | HWND: 10748662 | Name: Zoom
2020-10-19 23:03:25,112  | root | DEBUG | PID: 6816652 | HWND: 6816652 | Name: ZPToolBarParentWnd
2020-10-19 23:03:25,127  | root | DEBUG | Two Zoom proccesses were found, proceeding with process with accurate vector information...
2020-10-19 23:03:25,130  | root | ERROR | Zoom client contained invalid vector boundaries. Testing the toolbar vector boundaries...
2020-10-19 23:03:25,131  | root | ERROR | Both processes were found but neither had accurate vector boundaries, is zoom minimised?
2020-10-19 23:03:27,905  | root | DEBUG | Python 3.9.0 (tags/v3.9.0:9cf6752, Oct  5 2020, 15:34:40) [MSC v.1927 64 bit (AMD64)] 64bit on win32

2020-10-19 23:03:27,994  | root | DEBUG | PID: 10748662 | HWND: 10748662 | Name: Zoom
2020-10-19 23:03:27,995  | root | DEBUG | PID: 6816652 | HWND: 6816652 | Name: ZPToolBarParentWnd
2020-10-19 23:03:28,012  | root | DEBUG | Two Zoom proccesses were found, proceeding with process with accurate vector information...
2020-10-19 23:03:28,020  | root | ERROR | Zoom client contained invalid vector boundaries. Testing the toolbar vector boundaries...
2020-10-19 23:03:28,021  | root | ERROR | Both processes were found but neither had accurate vector boundaries, is zoom minimised?
2020-10-19 23:03:33,090  | root | DEBUG | Python 3.9.0 (tags/v3.9.0:9cf6752, Oct  5 2020, 15:34:40) [MSC v.1927 64 bit (AMD64)] 64bit on win32

2020-10-19 23:03:33,175  | root | DEBUG | PID: 10748662 | HWND: 10748662 | Name: Zoom
2020-10-19 23:03:33,176  | root | DEBUG | PID: 6816652 | HWND: 6816652 | Name: ZPToolBarParentWnd
2020-10-19 23:03:33,190  | root | DEBUG | Two Zoom proccesses were found, proceeding with process with accurate vector information...
2020-10-19 23:03:33,194  | root | ERROR | Zoom client contained invalid vector boundaries. Testing the toolbar vector boundaries...
2020-10-19 23:03:33,195  | root | ERROR | Both processes were found but neither had accurate vector boundaries, is zoom minimised?
2020-10-19 23:03:35,969  | root | DEBUG | Python 3.9.0 (tags/v3.9.0:9cf6752, Oct  5 2020, 15:34:40) [MSC v.1927 64 bit (AMD64)] 64bit on win32

2020-10-19 23:03:36,054  | root | DEBUG | PID: 10748662 | HWND: 10748662 | Name: Zoom
2020-10-19 23:03:36,055  | root | DEBUG | PID: 6816652 | HWND: 6816652 | Name: ZPToolBarParentWnd
2020-10-19 23:03:36,070  | root | DEBUG | Two Zoom proccesses were found, proceeding with process with accurate vector information...
2020-10-19 23:03:36,077  | root | ERROR | Zoom client contained invalid vector boundaries. Testing the toolbar vector boundaries...
2020-10-19 23:03:36,077  | root | ERROR | Both processes were found but neither had accurate vector boundaries, is zoom minimised?
2020-10-19 23:03:45,814  | root | DEBUG | Python 3.9.0 (tags/v3.9.0:9cf6752, Oct  5 2020, 15:34:40) [MSC v.1927 64 bit (AMD64)] 64bit on win32

2020-10-19 23:03:45,898  | root | DEBUG | PID: 10748662 | HWND: 10748662 | Name: Zoom
2020-10-19 23:03:45,899  | root | DEBUG | PID: 6816652 | HWND: 6816652 | Name: ZPToolBarParentWnd
2020-10-19 23:03:45,914  | root | DEBUG | Two Zoom proccesses were found, proceeding with process with accurate vector information...
2020-10-19 23:03:45,914  | root | DEBUG | Zoom client vector structure is valid.
2020-10-19 23:04:26,455  | root | DEBUG | Python 3.9.0 (tags/v3.9.0:9cf6752, Oct  5 2020, 15:34:40) [MSC v.1927 64 bit (AMD64)] 64bit on win32

2020-10-19 23:04:26,541  | root | DEBUG | PID: 10748662 | HWND: 10748662 | Name: Zoom
2020-10-19 23:04:26,542  | root | DEBUG | PID: 6816652 | HWND: 6816652 | Name: ZPToolBarParentWnd
2020-10-19 23:04:26,557  | root | DEBUG | Two Zoom proccesses were found, proceeding with process with accurate vector information...
2020-10-19 23:04:26,558  | root | DEBUG | Zoom client vector structure is valid.
2020-10-19 23:04:45,942  | root | DEBUG | Python 3.9.0 (tags/v3.9.0:9cf6752, Oct  5 2020, 15:34:40) [MSC v.1927 64 bit (AMD64)] 64bit on win32

2020-10-19 23:04:46,030  | root | DEBUG | PID: 10748662 | HWND: 10748662 | Name: Zoom
2020-10-19 23:04:46,031  | root | DEBUG | PID: 6816652 | HWND: 6816652 | Name: ZPToolBarParentWnd
2020-10-19 23:04:46,048  | root | DEBUG | Two Zoom proccesses were found, proceeding with process with accurate vector information...
2020-10-19 23:04:46,063  | root | DEBUG | Zoom client vector structure is valid.
2020-10-19 23:05:06,901  | root | DEBUG | Python 3.9.0 (tags/v3.9.0:9cf6752, Oct  5 2020, 15:34:40) [MSC v.1927 64 bit (AMD64)] 64bit on win32

2020-10-19 23:05:06,986  | root | DEBUG | PID: 10748662 | HWND: 10748662 | Name: Zoom
2020-10-19 23:05:06,988  | root | DEBUG | PID: 6816652 | HWND: 6816652 | Name: ZPToolBarParentWnd
2020-10-19 23:05:07,003  | root | DEBUG | Two Zoom proccesses were found, proceeding with process with accurate vector information...
2020-10-19 23:05:07,008  | root | ERROR | Zoom client contained invalid vector boundaries. Testing the toolbar vector boundaries...
2020-10-19 23:05:07,009  | root | ERROR | Both processes were found but neither had accurate vector boundaries, is zoom minimised?
2020-10-19 23:05:07,970  | root | DEBUG | Python 3.9.0 (tags/v3.9.0:9cf6752, Oct  5 2020, 15:34:40) [MSC v.1927 64 bit (AMD64)] 64bit on win32

2020-10-19 23:05:08,057  | root | DEBUG | PID: 10748662 | HWND: 10748662 | Name: Zoom
2020-10-19 23:05:08,058  | root | DEBUG | PID: 6816652 | HWND: 6816652 | Name: ZPToolBarParentWnd
2020-10-19 23:05:08,074  | root | DEBUG | Two Zoom proccesses were found, proceeding with process with accurate vector information...
2020-10-19 23:05:08,075  | root | ERROR | Zoom client contained invalid vector boundaries. Testing the toolbar vector boundaries...
2020-10-19 23:05:08,075  | root | ERROR | Both processes were found but neither had accurate vector boundaries, is zoom minimised?
2020-10-19 23:05:14,260  | root | DEBUG | Python 3.9.0 (tags/v3.9.0:9cf6752, Oct  5 2020, 15:34:40) [MSC v.1927 64 bit (AMD64)] 64bit on win32

2020-10-19 23:05:14,346  | root | DEBUG | PID: 10748662 | HWND: 10748662 | Name: Zoom
2020-10-19 23:05:14,347  | root | DEBUG | PID: 6816652 | HWND: 6816652 | Name: ZPToolBarParentWnd
2020-10-19 23:05:14,363  | root | DEBUG | Two Zoom proccesses were found, proceeding with process with accurate vector information...
2020-10-19 23:05:14,363  | root | ERROR | Zoom client contained invalid vector boundaries. Testing the toolbar vector boundaries...
2020-10-19 23:05:14,363  | root | ERROR | Both processes were found but neither had accurate vector boundaries, is zoom minimised?
2020-10-19 23:05:20,837  | root | DEBUG | Python 3.9.0 (tags/v3.9.0:9cf6752, Oct  5 2020, 15:34:40) [MSC v.1927 64 bit (AMD64)] 64bit on win32

2020-10-19 23:05:20,923  | root | DEBUG | PID: 10748662 | HWND: 10748662 | Name: Zoom
2020-10-19 23:05:20,924  | root | DEBUG | PID: 6816652 | HWND: 6816652 | Name: ZPToolBarParentWnd
2020-10-19 23:05:20,939  | root | DEBUG | Two Zoom proccesses were found, proceeding with process with accurate vector information...
2020-10-19 23:05:20,939  | root | ERROR | Zoom client contained invalid vector boundaries. Testing the toolbar vector boundaries...
2020-10-19 23:05:20,940  | root | ERROR | Both processes were found but neither had accurate vector boundaries, is zoom minimised?
2020-10-19 23:05:32,677  | root | DEBUG | Python 3.9.0 (tags/v3.9.0:9cf6752, Oct  5 2020, 15:34:40) [MSC v.1927 64 bit (AMD64)] 64bit on win32

2020-10-19 23:05:32,763  | root | DEBUG | PID: 10748662 | HWND: 10748662 | Name: Zoom
2020-10-19 23:05:32,765  | root | DEBUG | PID: 6816652 | HWND: 6816652 | Name: ZPToolBarParentWnd
2020-10-19 23:05:32,779  | root | DEBUG | Two Zoom proccesses were found, proceeding with process with accurate vector information...
2020-10-19 23:05:32,780  | root | DEBUG | Zoom client vector structure is valid.
2020-10-19 23:05:34,897  | root | DEBUG | Python 3.9.0 (tags/v3.9.0:9cf6752, Oct  5 2020, 15:34:40) [MSC v.1927 64 bit (AMD64)] 64bit on win32

2020-10-19 23:05:34,981  | root | DEBUG | PID: 10748662 | HWND: 10748662 | Name: Zoom
2020-10-19 23:05:34,982  | root | DEBUG | PID: 6816652 | HWND: 6816652 | Name: ZPToolBarParentWnd
2020-10-19 23:05:34,997  | root | DEBUG | Two Zoom proccesses were found, proceeding with process with accurate vector information...
2020-10-19 23:05:34,997  | root | DEBUG | Zoom client vector structure is valid.
2020-10-19 23:05:38,049  | root | DEBUG | Python 3.9.0 (tags/v3.9.0:9cf6752, Oct  5 2020, 15:34:40) [MSC v.1927 64 bit (AMD64)] 64bit on win32

2020-10-19 23:05:38,133  | root | DEBUG | PID: 10748662 | HWND: 10748662 | Name: Zoom
2020-10-19 23:05:38,134  | root | DEBUG | PID: 6816652 | HWND: 6816652 | Name: ZPToolBarParentWnd
2020-10-19 23:05:38,149  | root | DEBUG | Two Zoom proccesses were found, proceeding with process with accurate vector information...
2020-10-19 23:05:38,152  | root | DEBUG | Zoom client vector structure is valid.
2020-10-19 23:06:49,672  | root | DEBUG | Python 3.9.0 (tags/v3.9.0:9cf6752, Oct  5 2020, 15:34:40) [MSC v.1927 64 bit (AMD64)] 64bit on win32

2020-10-19 23:06:49,774  | root | DEBUG | PID: 10748662 | HWND: 10748662 | Name: Zoom
2020-10-19 23:06:49,775  | root | DEBUG | PID: 6816652 | HWND: 6816652 | Name: ZPToolBarParentWnd
2020-10-19 23:06:49,796  | root | DEBUG | Two Zoom proccesses were found, proceeding with process with accurate vector information...
2020-10-19 23:06:49,798  | root | ERROR | Zoom client contained invalid vector boundaries. Testing the toolbar vector boundaries...
2020-10-19 23:06:49,799  | root | ERROR | Both processes were found but neither had accurate vector boundaries, is zoom minimised?
2020-10-19 23:07:07,013  | root | DEBUG | Python 3.9.0 (tags/v3.9.0:9cf6752, Oct  5 2020, 15:34:40) [MSC v.1927 64 bit (AMD64)] 64bit on win32

2020-10-19 23:07:07,098  | root | DEBUG | PID: 10748662 | HWND: 10748662 | Name: Zoom
2020-10-19 23:07:07,100  | root | DEBUG | PID: 6816652 | HWND: 6816652 | Name: ZPToolBarParentWnd
2020-10-19 23:07:07,115  | root | DEBUG | Two Zoom proccesses were found, proceeding with process with accurate vector information...
2020-10-19 23:07:07,120  | root | ERROR | Zoom client contained invalid vector boundaries. Testing the toolbar vector boundaries...
2020-10-19 23:07:07,121  | root | ERROR | Both processes were found but neither had accurate vector boundaries, is zoom minimised?
2020-10-19 23:07:07,872  | root | DEBUG | Python 3.9.0 (tags/v3.9.0:9cf6752, Oct  5 2020, 15:34:40) [MSC v.1927 64 bit (AMD64)] 64bit on win32

2020-10-19 23:07:07,966  | root | DEBUG | PID: 10748662 | HWND: 10748662 | Name: Zoom
2020-10-19 23:07:07,967  | root | DEBUG | PID: 6816652 | HWND: 6816652 | Name: ZPToolBarParentWnd
2020-10-19 23:07:07,987  | root | DEBUG | Two Zoom proccesses were found, proceeding with process with accurate vector information...
2020-10-19 23:07:07,990  | root | ERROR | Zoom client contained invalid vector boundaries. Testing the toolbar vector boundaries...
2020-10-19 23:07:07,990  | root | ERROR | Both processes were found but neither had accurate vector boundaries, is zoom minimised?
2020-10-19 23:07:09,569  | root | DEBUG | Python 3.9.0 (tags/v3.9.0:9cf6752, Oct  5 2020, 15:34:40) [MSC v.1927 64 bit (AMD64)] 64bit on win32

2020-10-19 23:07:09,655  | root | DEBUG | PID: 10748662 | HWND: 10748662 | Name: Zoom
2020-10-19 23:07:09,656  | root | DEBUG | PID: 6816652 | HWND: 6816652 | Name: ZPToolBarParentWnd
2020-10-19 23:07:09,672  | root | DEBUG | Two Zoom proccesses were found, proceeding with process with accurate vector information...
2020-10-19 23:07:09,672  | root | ERROR | Zoom client contained invalid vector boundaries. Testing the toolbar vector boundaries...
2020-10-19 23:07:09,672  | root | ERROR | Both processes were found but neither had accurate vector boundaries, is zoom minimised?
2020-10-19 23:07:10,165  | root | DEBUG | Python 3.9.0 (tags/v3.9.0:9cf6752, Oct  5 2020, 15:34:40) [MSC v.1927 64 bit (AMD64)] 64bit on win32

2020-10-19 23:07:10,286  | root | DEBUG | PID: 10748662 | HWND: 10748662 | Name: Zoom
2020-10-19 23:07:10,288  | root | DEBUG | PID: 6816652 | HWND: 6816652 | Name: ZPToolBarParentWnd
2020-10-19 23:07:10,308  | root | DEBUG | Two Zoom proccesses were found, proceeding with process with accurate vector information...
2020-10-19 23:07:10,318  | root | ERROR | Zoom client contained invalid vector boundaries. Testing the toolbar vector boundaries...
2020-10-19 23:07:10,318  | root | ERROR | Both processes were found but neither had accurate vector boundaries, is zoom minimised?
2020-10-19 23:07:13,461  | root | DEBUG | Python 3.9.0 (tags/v3.9.0:9cf6752, Oct  5 2020, 15:34:40) [MSC v.1927 64 bit (AMD64)] 64bit on win32

2020-10-19 23:07:13,550  | root | DEBUG | PID: 10748662 | HWND: 10748662 | Name: Zoom
2020-10-19 23:07:13,551  | root | DEBUG | PID: 6816652 | HWND: 6816652 | Name: ZPToolBarParentWnd
2020-10-19 23:07:13,567  | root | DEBUG | Two Zoom proccesses were found, proceeding with process with accurate vector information...
2020-10-19 23:07:13,568  | root | ERROR | Zoom client contained invalid vector boundaries. Testing the toolbar vector boundaries...
2020-10-19 23:07:13,568  | root | ERROR | Both processes were found but neither had accurate vector boundaries, is zoom minimised?
2020-10-19 23:07:17,077  | root | DEBUG | Python 3.9.0 (tags/v3.9.0:9cf6752, Oct  5 2020, 15:34:40) [MSC v.1927 64 bit (AMD64)] 64bit on win32

2020-10-19 23:07:17,166  | root | DEBUG | PID: 10748662 | HWND: 10748662 | Name: Zoom
2020-10-19 23:07:17,167  | root | DEBUG | PID: 6816652 | HWND: 6816652 | Name: ZPToolBarParentWnd
2020-10-19 23:07:17,182  | root | DEBUG | Two Zoom proccesses were found, proceeding with process with accurate vector information...
2020-10-19 23:07:17,183  | root | DEBUG | Zoom client vector structure is valid.
2020-10-19 23:07:30,630  | root | DEBUG | Python 3.9.0 (tags/v3.9.0:9cf6752, Oct  5 2020, 15:34:40) [MSC v.1927 64 bit (AMD64)] 64bit on win32

2020-10-19 23:07:30,715  | root | DEBUG | PID: 10748662 | HWND: 10748662 | Name: Zoom
2020-10-19 23:07:30,716  | root | DEBUG | PID: 6816652 | HWND: 6816652 | Name: ZPToolBarParentWnd
2020-10-19 23:07:30,731  | root | DEBUG | Two Zoom proccesses were found, proceeding with process with accurate vector information...
2020-10-19 23:07:30,735  | root | DEBUG | Zoom client vector structure is valid.
2020-10-19 23:07:41,574  | root | DEBUG | Python 3.9.0 (tags/v3.9.0:9cf6752, Oct  5 2020, 15:34:40) [MSC v.1927 64 bit (AMD64)] 64bit on win32

2020-10-19 23:07:41,659  | root | DEBUG | PID: 10748662 | HWND: 10748662 | Name: Zoom
2020-10-19 23:07:41,661  | root | DEBUG | PID: 6816652 | HWND: 6816652 | Name: ZPToolBarParentWnd
2020-10-19 23:07:41,676  | root | DEBUG | Two Zoom proccesses were found, proceeding with process with accurate vector information...
2020-10-19 23:07:41,676  | root | ERROR | Zoom client contained invalid vector boundaries. Testing the toolbar vector boundaries...
2020-10-19 23:07:41,676  | root | ERROR | Both processes were found but neither had accurate vector boundaries, is zoom minimised?
2020-10-19 23:07:48,548  | root | DEBUG | Python 3.9.0 (tags/v3.9.0:9cf6752, Oct  5 2020, 15:34:40) [MSC v.1927 64 bit (AMD64)] 64bit on win32

2020-10-19 23:07:48,633  | root | DEBUG | PID: 10748662 | HWND: 10748662 | Name: Zoom
2020-10-19 23:07:48,634  | root | DEBUG | PID: 6816652 | HWND: 6816652 | Name: ZPToolBarParentWnd
2020-10-19 23:07:48,649  | root | DEBUG | Two Zoom proccesses were found, proceeding with process with accurate vector information...
2020-10-19 23:07:48,650  | root | ERROR | Zoom client contained invalid vector boundaries. Testing the toolbar vector boundaries...
2020-10-19 23:07:48,650  | root | ERROR | Both processes were found but neither had accurate vector boundaries, is zoom minimised?
2020-10-19 23:08:35,448  | root | DEBUG | Python 3.9.0 (tags/v3.9.0:9cf6752, Oct  5 2020, 15:34:40) [MSC v.1927 64 bit (AMD64)] 64bit on win32

2020-10-19 23:08:35,536  | root | DEBUG | PID: 10748662 | HWND: 10748662 | Name: Zoom
2020-10-19 23:08:35,537  | root | DEBUG | PID: 6816652 | HWND: 6816652 | Name: ZPToolBarParentWnd
2020-10-19 23:08:35,553  | root | DEBUG | Two Zoom proccesses were found, proceeding with process with accurate vector information...
2020-10-19 23:08:35,561  | root | ERROR | Zoom client contained invalid vector boundaries. Testing the toolbar vector boundaries...
2020-10-19 23:08:35,561  | root | ERROR | Both processes were found but neither had accurate vector boundaries, is zoom minimised?
2020-10-19 23:08:50,725  | root | DEBUG | Python 3.9.0 (tags/v3.9.0:9cf6752, Oct  5 2020, 15:34:40) [MSC v.1927 64 bit (AMD64)] 64bit on win32

2020-10-19 23:08:50,811  | root | DEBUG | PID: 10748662 | HWND: 10748662 | Name: Zoom
2020-10-19 23:08:50,812  | root | DEBUG | PID: 6816652 | HWND: 6816652 | Name: ZPToolBarParentWnd
2020-10-19 23:08:50,827  | root | DEBUG | Two Zoom proccesses were found, proceeding with process with accurate vector information...
2020-10-19 23:08:50,833  | root | ERROR | Zoom client contained invalid vector boundaries. Testing the toolbar vector boundaries...
2020-10-19 23:08:50,833  | root | ERROR | Both processes were found but neither had accurate vector boundaries, is zoom minimised?
2020-10-19 23:09:11,734  | root | DEBUG | Python 3.9.0 (tags/v3.9.0:9cf6752, Oct  5 2020, 15:34:40) [MSC v.1927 64 bit (AMD64)] 64bit on win32

2020-10-19 23:09:11,820  | root | DEBUG | PID: 10748662 | HWND: 10748662 | Name: Zoom
2020-10-19 23:09:11,821  | root | DEBUG | PID: 6816652 | HWND: 6816652 | Name: ZPToolBarParentWnd
2020-10-19 23:09:11,837  | root | DEBUG | Two Zoom proccesses were found, proceeding with process with accurate vector information...
2020-10-19 23:09:11,843  | root | DEBUG | Zoom client vector structure is valid.
2020-10-19 23:09:23,459  | root | DEBUG | Python 3.9.0 (tags/v3.9.0:9cf6752, Oct  5 2020, 15:34:40) [MSC v.1927 64 bit (AMD64)] 64bit on win32

2020-10-19 23:09:23,543  | root | DEBUG | PID: 10748662 | HWND: 10748662 | Name: Zoom
2020-10-19 23:09:23,544  | root | DEBUG | PID: 6816652 | HWND: 6816652 | Name: ZPToolBarParentWnd
2020-10-19 23:09:23,559  | root | DEBUG | Two Zoom proccesses were found, proceeding with process with accurate vector information...
2020-10-19 23:09:23,567  | root | DEBUG | Zoom client vector structure is valid.
2020-10-19 23:09:31,156  | root | DEBUG | Python 3.9.0 (tags/v3.9.0:9cf6752, Oct  5 2020, 15:34:40) [MSC v.1927 64 bit (AMD64)] 64bit on win32

2020-10-19 23:09:31,244  | root | DEBUG | PID: 10748662 | HWND: 10748662 | Name: Zoom
2020-10-19 23:09:31,245  | root | DEBUG | PID: 6816652 | HWND: 6816652 | Name: ZPToolBarParentWnd
2020-10-19 23:09:31,262  | root | DEBUG | Two Zoom proccesses were found, proceeding with process with accurate vector information...
2020-10-19 23:09:31,269  | root | DEBUG | Zoom client vector structure is valid.
2020-10-19 23:09:46,235  | root | DEBUG | Python 3.9.0 (tags/v3.9.0:9cf6752, Oct  5 2020, 15:34:40) [MSC v.1927 64 bit (AMD64)] 64bit on win32

2020-10-19 23:09:46,323  | root | DEBUG | PID: 10748662 | HWND: 10748662 | Name: Zoom
2020-10-19 23:09:46,324  | root | DEBUG | PID: 6816652 | HWND: 6816652 | Name: ZPToolBarParentWnd
2020-10-19 23:09:46,340  | root | DEBUG | Two Zoom proccesses were found, proceeding with process with accurate vector information...
2020-10-19 23:09:46,348  | root | ERROR | Zoom client contained invalid vector boundaries. Testing the toolbar vector boundaries...
2020-10-19 23:09:46,348  | root | ERROR | Both processes were found but neither had accurate vector boundaries, is zoom minimised?
2020-10-19 23:09:53,590  | root | DEBUG | Python 3.9.0 (tags/v3.9.0:9cf6752, Oct  5 2020, 15:34:40) [MSC v.1927 64 bit (AMD64)] 64bit on win32

2020-10-19 23:09:53,677  | root | DEBUG | PID: 10748662 | HWND: 10748662 | Name: Zoom
2020-10-19 23:09:53,678  | root | DEBUG | PID: 6816652 | HWND: 6816652 | Name: ZPToolBarParentWnd
2020-10-19 23:09:53,696  | root | DEBUG | Two Zoom proccesses were found, proceeding with process with accurate vector information...
2020-10-19 23:09:53,702  | root | ERROR | Zoom client contained invalid vector boundaries. Testing the toolbar vector boundaries...
2020-10-19 23:09:53,702  | root | ERROR | Both processes were found but neither had accurate vector boundaries, is zoom minimised?
2020-10-19 23:09:55,650  | root | DEBUG | Python 3.9.0 (tags/v3.9.0:9cf6752, Oct  5 2020, 15:34:40) [MSC v.1927 64 bit (AMD64)] 64bit on win32

2020-10-19 23:09:55,735  | root | DEBUG | PID: 10748662 | HWND: 10748662 | Name: Zoom
2020-10-19 23:09:55,736  | root | DEBUG | PID: 6816652 | HWND: 6816652 | Name: ZPToolBarParentWnd
2020-10-19 23:09:55,753  | root | DEBUG | Two Zoom proccesses were found, proceeding with process with accurate vector information...
2020-10-19 23:09:55,758  | root | DEBUG | Zoom client vector structure is valid.
2020-10-19 23:10:38,771  | root | DEBUG | Python 3.9.0 (tags/v3.9.0:9cf6752, Oct  5 2020, 15:34:40) [MSC v.1927 64 bit (AMD64)] 64bit on win32

2020-10-19 23:10:38,857  | root | DEBUG | PID: 10748662 | HWND: 10748662 | Name: Zoom
2020-10-19 23:10:38,858  | root | DEBUG | PID: 6816652 | HWND: 6816652 | Name: ZPToolBarParentWnd
2020-10-19 23:10:38,874  | root | DEBUG | Two Zoom proccesses were found, proceeding with process with accurate vector information...
2020-10-19 23:10:38,874  | root | DEBUG | Zoom client vector structure is valid.
2020-10-19 23:18:05,638  | root | DEBUG | Python 3.9.0 (tags/v3.9.0:9cf6752, Oct  5 2020, 15:34:40) [MSC v.1927 64 bit (AMD64)] 64bit on win32

2020-10-19 23:18:05,722  | root | DEBUG | PID: 10748662 | HWND: 10748662 | Name: Zoom
2020-10-19 23:18:05,723  | root | DEBUG | PID: 6816652 | HWND: 6816652 | Name: ZPToolBarParentWnd
2020-10-19 23:18:05,739  | root | DEBUG | Two Zoom proccesses were found, proceeding with process with accurate vector information...
2020-10-19 23:18:05,739  | root | DEBUG | Zoom client vector structure is valid.
2020-10-19 23:18:23,730  | root | DEBUG | Python 3.9.0 (tags/v3.9.0:9cf6752, Oct  5 2020, 15:34:40) [MSC v.1927 64 bit (AMD64)] 64bit on win32

2020-10-19 23:18:23,815  | root | DEBUG | PID: 10748662 | HWND: 10748662 | Name: Zoom
2020-10-19 23:18:23,816  | root | DEBUG | PID: 6816652 | HWND: 6816652 | Name: ZPToolBarParentWnd
2020-10-19 23:18:23,833  | root | DEBUG | Two Zoom proccesses were found, proceeding with process with accurate vector information...
2020-10-19 23:18:23,834  | root | ERROR | Zoom client contained invalid vector boundaries. Testing the toolbar vector boundaries...
2020-10-19 23:18:23,834  | root | ERROR | Both processes were found but neither had accurate vector boundaries, is zoom minimised?
2020-10-19 23:19:15,521  | root | DEBUG | Python 3.9.0 (tags/v3.9.0:9cf6752, Oct  5 2020, 15:34:40) [MSC v.1927 64 bit (AMD64)] 64bit on win32

2020-10-19 23:19:15,604  | root | DEBUG | PID: 10748662 | HWND: 10748662 | Name: Zoom
2020-10-19 23:19:15,605  | root | DEBUG | PID: 6816652 | HWND: 6816652 | Name: ZPToolBarParentWnd
2020-10-19 23:19:15,622  | root | DEBUG | Two Zoom proccesses were found, proceeding with process with accurate vector information...
2020-10-19 23:19:15,622  | root | DEBUG | Zoom client vector structure is valid.
2020-10-19 23:23:37,020  | root | DEBUG | Python 3.9.0 (tags/v3.9.0:9cf6752, Oct  5 2020, 15:34:40) [MSC v.1927 64 bit (AMD64)] 64bit on win32

2020-10-19 23:23:37,110  | root | DEBUG | PID: 10748662 | HWND: 10748662 | Name: Zoom
2020-10-19 23:23:37,111  | root | DEBUG | PID: 6816652 | HWND: 6816652 | Name: ZPToolBarParentWnd
2020-10-19 23:23:37,127  | root | DEBUG | Two Zoom proccesses were found, proceeding with process with accurate vector information...
2020-10-19 23:23:37,133  | root | DEBUG | Zoom client vector structure is valid.
2020-10-19 23:25:57,720  | root | DEBUG | Python 3.9.0 (tags/v3.9.0:9cf6752, Oct  5 2020, 15:34:40) [MSC v.1927 64 bit (AMD64)] 64bit on win32

2020-10-19 23:25:57,802  | root | DEBUG | PID: 10748662 | HWND: 10748662 | Name: Zoom
2020-10-19 23:25:57,803  | root | DEBUG | PID: 6816652 | HWND: 6816652 | Name: ZPToolBarParentWnd
2020-10-19 23:25:57,823  | root | DEBUG | Two Zoom proccesses were found, proceeding with process with accurate vector information...
2020-10-19 23:25:57,824  | root | DEBUG | Zoom client vector structure is valid.
2020-10-19 23:26:06,449  | root | DEBUG | Python 3.9.0 (tags/v3.9.0:9cf6752, Oct  5 2020, 15:34:40) [MSC v.1927 64 bit (AMD64)] 64bit on win32

2020-10-19 23:26:06,533  | root | DEBUG | PID: 10748662 | HWND: 10748662 | Name: Zoom
2020-10-19 23:26:06,534  | root | DEBUG | PID: 6816652 | HWND: 6816652 | Name: ZPToolBarParentWnd
2020-10-19 23:26:06,554  | root | DEBUG | Two Zoom proccesses were found, proceeding with process with accurate vector information...
2020-10-19 23:26:06,554  | root | DEBUG | Zoom client vector structure is valid.
2020-10-19 23:26:22,946  | root | DEBUG | Python 3.9.0 (tags/v3.9.0:9cf6752, Oct  5 2020, 15:34:40) [MSC v.1927 64 bit (AMD64)] 64bit on win32

2020-10-19 23:26:23,030  | root | DEBUG | PID: 10748662 | HWND: 10748662 | Name: Zoom
2020-10-19 23:26:23,031  | root | DEBUG | PID: 6816652 | HWND: 6816652 | Name: ZPToolBarParentWnd
2020-10-19 23:26:23,051  | root | DEBUG | Two Zoom proccesses were found, proceeding with process with accurate vector information...
2020-10-19 23:26:23,052  | root | DEBUG | Zoom client vector structure is valid.
2020-10-19 23:26:57,735  | root | DEBUG | Python 3.9.0 (tags/v3.9.0:9cf6752, Oct  5 2020, 15:34:40) [MSC v.1927 64 bit (AMD64)] 64bit on win32

2020-10-19 23:26:57,822  | root | DEBUG | PID: 10748662 | HWND: 10748662 | Name: Zoom
2020-10-19 23:26:57,823  | root | DEBUG | PID: 6816652 | HWND: 6816652 | Name: ZPToolBarParentWnd
2020-10-19 23:26:57,844  | root | DEBUG | Two Zoom proccesses were found, proceeding with process with accurate vector information...
2020-10-19 23:26:57,844  | root | DEBUG | Zoom client vector structure is valid.
2020-10-19 23:27:13,833  | root | DEBUG | Python 3.9.0 (tags/v3.9.0:9cf6752, Oct  5 2020, 15:34:40) [MSC v.1927 64 bit (AMD64)] 64bit on win32

2020-10-19 23:27:13,937  | root | DEBUG | PID: 10748662 | HWND: 10748662 | Name: Zoom
2020-10-19 23:27:13,938  | root | DEBUG | PID: 6816652 | HWND: 6816652 | Name: ZPToolBarParentWnd
2020-10-19 23:27:13,966  | root | DEBUG | Two Zoom proccesses were found, proceeding with process with accurate vector information...
2020-10-19 23:27:13,967  | root | DEBUG | Zoom client vector structure is valid.
2020-10-19 23:27:28,390  | root | DEBUG | Python 3.9.0 (tags/v3.9.0:9cf6752, Oct  5 2020, 15:34:40) [MSC v.1927 64 bit (AMD64)] 64bit on win32

2020-10-19 23:27:28,508  | root | DEBUG | PID: 10748662 | HWND: 10748662 | Name: Zoom
2020-10-19 23:27:28,510  | root | DEBUG | PID: 6816652 | HWND: 6816652 | Name: ZPToolBarParentWnd
2020-10-19 23:27:28,546  | root | DEBUG | Two Zoom proccesses were found, proceeding with process with accurate vector information...
2020-10-19 23:27:28,546  | root | DEBUG | Zoom client vector structure is valid.
2020-10-19 23:27:50,853  | root | DEBUG | Python 3.9.0 (tags/v3.9.0:9cf6752, Oct  5 2020, 15:34:40) [MSC v.1927 64 bit (AMD64)] 64bit on win32

2020-10-19 23:27:50,949  | root | DEBUG | PID: 10748662 | HWND: 10748662 | Name: Zoom
2020-10-19 23:27:50,951  | root | DEBUG | PID: 6816652 | HWND: 6816652 | Name: ZPToolBarParentWnd
2020-10-19 23:27:50,976  | root | DEBUG | Two Zoom proccesses were found, proceeding with process with accurate vector information...
2020-10-19 23:27:50,976  | root | DEBUG | Zoom client vector structure is valid.
2020-10-19 23:28:31,699  | root | DEBUG | Python 3.9.0 (tags/v3.9.0:9cf6752, Oct  5 2020, 15:34:40) [MSC v.1927 64 bit (AMD64)] 64bit on win32

2020-10-19 23:28:31,807  | root | DEBUG | PID: 10748662 | HWND: 10748662 | Name: Zoom
2020-10-19 23:28:31,810  | root | DEBUG | PID: 6816652 | HWND: 6816652 | Name: ZPToolBarParentWnd
2020-10-19 23:28:31,837  | root | DEBUG | Two Zoom proccesses were found, proceeding with process with accurate vector information...
2020-10-19 23:28:31,838  | root | ERROR | Zoom client contained invalid vector boundaries. Testing the toolbar vector boundaries...
2020-10-19 23:28:31,838  | root | ERROR | Both processes were found but neither had accurate vector boundaries, is zoom minimised?
2020-10-19 23:28:35,169  | root | DEBUG | Python 3.9.0 (tags/v3.9.0:9cf6752, Oct  5 2020, 15:34:40) [MSC v.1927 64 bit (AMD64)] 64bit on win32

2020-10-19 23:28:35,254  | root | DEBUG | PID: 10748662 | HWND: 10748662 | Name: Zoom
2020-10-19 23:28:35,255  | root | DEBUG | PID: 6816652 | HWND: 6816652 | Name: ZPToolBarParentWnd
2020-10-19 23:28:35,276  | root | DEBUG | Two Zoom proccesses were found, proceeding with process with accurate vector information...
2020-10-19 23:28:35,279  | root | ERROR | Zoom client contained invalid vector boundaries. Testing the toolbar vector boundaries...
2020-10-19 23:28:35,279  | root | ERROR | Both processes were found but neither had accurate vector boundaries, is zoom minimised?
2020-10-19 23:28:37,742  | root | DEBUG | Python 3.9.0 (tags/v3.9.0:9cf6752, Oct  5 2020, 15:34:40) [MSC v.1927 64 bit (AMD64)] 64bit on win32

2020-10-19 23:28:37,827  | root | DEBUG | PID: 10748662 | HWND: 10748662 | Name: Zoom
2020-10-19 23:28:37,828  | root | DEBUG | PID: 6816652 | HWND: 6816652 | Name: ZPToolBarParentWnd
2020-10-19 23:28:37,849  | root | DEBUG | Two Zoom proccesses were found, proceeding with process with accurate vector information...
2020-10-19 23:28:37,849  | root | DEBUG | Zoom client vector structure is valid.
2020-10-19 23:29:22,855  | root | DEBUG | Python 3.9.0 (tags/v3.9.0:9cf6752, Oct  5 2020, 15:34:40) [MSC v.1927 64 bit (AMD64)] 64bit on win32

2020-10-19 23:29:22,943  | root | DEBUG | PID: 10748662 | HWND: 10748662 | Name: Zoom
2020-10-19 23:29:22,944  | root | DEBUG | PID: 6816652 | HWND: 6816652 | Name: ZPToolBarParentWnd
2020-10-19 23:29:22,967  | root | DEBUG | Two Zoom proccesses were found, proceeding with process with accurate vector information...
2020-10-19 23:29:22,972  | root | ERROR | Zoom client contained invalid vector boundaries. Testing the toolbar vector boundaries...
2020-10-19 23:29:22,972  | root | ERROR | Both processes were found but neither had accurate vector boundaries, is zoom minimised?
2020-10-19 23:29:25,818  | root | DEBUG | Python 3.9.0 (tags/v3.9.0:9cf6752, Oct  5 2020, 15:34:40) [MSC v.1927 64 bit (AMD64)] 64bit on win32

2020-10-19 23:29:25,905  | root | DEBUG | PID: 10748662 | HWND: 10748662 | Name: Zoom
2020-10-19 23:29:25,906  | root | DEBUG | PID: 6816652 | HWND: 6816652 | Name: ZPToolBarParentWnd
2020-10-19 23:29:25,927  | root | DEBUG | Two Zoom proccesses were found, proceeding with process with accurate vector information...
2020-10-19 23:29:25,928  | root | DEBUG | Zoom client vector structure is valid.
2020-10-19 23:29:33,044  | root | DEBUG | Python 3.9.0 (tags/v3.9.0:9cf6752, Oct  5 2020, 15:34:40) [MSC v.1927 64 bit (AMD64)] 64bit on win32

2020-10-19 23:29:33,156  | root | DEBUG | PID: 10748662 | HWND: 10748662 | Name: Zoom
2020-10-19 23:29:33,157  | root | DEBUG | PID: 6816652 | HWND: 6816652 | Name: ZPToolBarParentWnd
2020-10-19 23:29:33,184  | root | DEBUG | Two Zoom proccesses were found, proceeding with process with accurate vector information...
2020-10-19 23:29:33,185  | root | DEBUG | Zoom client vector structure is valid.
2020-10-19 23:29:41,047  | root | DEBUG | Python 3.9.0 (tags/v3.9.0:9cf6752, Oct  5 2020, 15:34:40) [MSC v.1927 64 bit (AMD64)] 64bit on win32

2020-10-19 23:29:41,134  | root | DEBUG | PID: 10748662 | HWND: 10748662 | Name: Zoom
2020-10-19 23:29:41,135  | root | DEBUG | PID: 6816652 | HWND: 6816652 | Name: ZPToolBarParentWnd
2020-10-19 23:29:41,157  | root | DEBUG | Two Zoom proccesses were found, proceeding with process with accurate vector information...
2020-10-19 23:29:41,158  | root | DEBUG | Zoom client vector structure is valid.
2020-10-19 23:29:46,574  | root | DEBUG | Python 3.9.0 (tags/v3.9.0:9cf6752, Oct  5 2020, 15:34:40) [MSC v.1927 64 bit (AMD64)] 64bit on win32

2020-10-19 23:29:46,661  | root | DEBUG | PID: 10748662 | HWND: 10748662 | Name: Zoom
2020-10-19 23:29:46,662  | root | DEBUG | PID: 6816652 | HWND: 6816652 | Name: ZPToolBarParentWnd
2020-10-19 23:29:46,684  | root | DEBUG | Two Zoom proccesses were found, proceeding with process with accurate vector information...
2020-10-19 23:29:46,685  | root | DEBUG | Zoom client vector structure is valid.
2020-10-19 23:31:28,561  | root | DEBUG | Python 3.9.0 (tags/v3.9.0:9cf6752, Oct  5 2020, 15:34:40) [MSC v.1927 64 bit (AMD64)] 64bit on win32

2020-10-19 23:31:28,671  | root | DEBUG | PID: 10748662 | HWND: 10748662 | Name: Zoom
2020-10-19 23:31:28,672  | root | DEBUG | PID: 6816652 | HWND: 6816652 | Name: ZPToolBarParentWnd
2020-10-19 23:31:28,704  | root | DEBUG | Two Zoom proccesses were found, proceeding with process with accurate vector information...
2020-10-19 23:31:28,704  | root | DEBUG | Zoom client vector structure is valid.
2020-10-19 23:31:59,121  | root | DEBUG | Python 3.9.0 (tags/v3.9.0:9cf6752, Oct  5 2020, 15:34:40) [MSC v.1927 64 bit (AMD64)] 64bit on win32

2020-10-19 23:31:59,209  | root | DEBUG | PID: 10748662 | HWND: 10748662 | Name: Zoom
2020-10-19 23:31:59,210  | root | DEBUG | PID: 6816652 | HWND: 6816652 | Name: ZPToolBarParentWnd
2020-10-19 23:31:59,235  | root | DEBUG | Two Zoom proccesses were found, proceeding with process with accurate vector information...
2020-10-19 23:31:59,236  | root | DEBUG | Zoom client vector structure is valid.
2020-10-19 23:32:08,738  | root | DEBUG | Python 3.9.0 (tags/v3.9.0:9cf6752, Oct  5 2020, 15:34:40) [MSC v.1927 64 bit (AMD64)] 64bit on win32

2020-10-19 23:32:08,855  | root | DEBUG | PID: 10748662 | HWND: 10748662 | Name: Zoom
2020-10-19 23:32:08,857  | root | DEBUG | PID: 6816652 | HWND: 6816652 | Name: ZPToolBarParentWnd
2020-10-19 23:32:08,889  | root | DEBUG | Two Zoom proccesses were found, proceeding with process with accurate vector information...
2020-10-19 23:32:08,890  | root | DEBUG | Zoom client vector structure is valid.
2020-10-19 23:32:43,354  | root | DEBUG | Python 3.9.0 (tags/v3.9.0:9cf6752, Oct  5 2020, 15:34:40) [MSC v.1927 64 bit (AMD64)] 64bit on win32

2020-10-19 23:32:43,470  | root | DEBUG | PID: 10748662 | HWND: 10748662 | Name: Zoom
2020-10-19 23:32:43,471  | root | DEBUG | PID: 6816652 | HWND: 6816652 | Name: ZPToolBarParentWnd
2020-10-19 23:32:43,488  | root | DEBUG | Two Zoom proccesses were found, proceeding with process with accurate vector information...
2020-10-19 23:32:43,494  | root | ERROR | Zoom client contained invalid vector boundaries. Testing the toolbar vector boundaries...
2020-10-19 23:32:43,494  | root | ERROR | Both processes were found but neither had accurate vector boundaries, is zoom minimised?
2020-10-19 23:32:45,516  | root | DEBUG | Python 3.9.0 (tags/v3.9.0:9cf6752, Oct  5 2020, 15:34:40) [MSC v.1927 64 bit (AMD64)] 64bit on win32

2020-10-19 23:32:45,603  | root | DEBUG | PID: 10748662 | HWND: 10748662 | Name: Zoom
2020-10-19 23:32:45,604  | root | DEBUG | PID: 6816652 | HWND: 6816652 | Name: ZPToolBarParentWnd
2020-10-19 23:32:45,619  | root | DEBUG | Two Zoom proccesses were found, proceeding with process with accurate vector information...
2020-10-19 23:32:45,619  | root | DEBUG | Zoom client vector structure is valid.
2020-10-19 23:32:58,964  | root | DEBUG | Python 3.9.0 (tags/v3.9.0:9cf6752, Oct  5 2020, 15:34:40) [MSC v.1927 64 bit (AMD64)] 64bit on win32

2020-10-19 23:32:59,052  | root | DEBUG | PID: 10748662 | HWND: 10748662 | Name: Zoom
2020-10-19 23:32:59,053  | root | DEBUG | PID: 6816652 | HWND: 6816652 | Name: ZPToolBarParentWnd
2020-10-19 23:32:59,067  | root | DEBUG | Two Zoom proccesses were found, proceeding with process with accurate vector information...
2020-10-19 23:32:59,072  | root | DEBUG | Zoom client vector structure is valid.
2020-10-19 23:34:59,358  | root | DEBUG | Python 3.9.0 (tags/v3.9.0:9cf6752, Oct  5 2020, 15:34:40) [MSC v.1927 64 bit (AMD64)] 64bit on win32

2020-10-19 23:34:59,461  | root | DEBUG | PID: 10748662 | HWND: 10748662 | Name: Zoom
2020-10-19 23:34:59,462  | root | DEBUG | PID: 6816652 | HWND: 6816652 | Name: ZPToolBarParentWnd
2020-10-19 23:34:59,479  | root | DEBUG | Two Zoom proccesses were found, proceeding with process with accurate vector information...
2020-10-19 23:34:59,482  | root | DEBUG | Zoom client vector structure is valid.
2020-10-19 23:37:06,706  | root | DEBUG | Python 3.9.0 (tags/v3.9.0:9cf6752, Oct  5 2020, 15:34:40) [MSC v.1927 64 bit (AMD64)] 64bit on win32

2020-10-19 23:37:06,789  | root | DEBUG | PID: 10748662 | HWND: 10748662 | Name: Zoom
2020-10-19 23:37:06,790  | root | DEBUG | PID: 6816652 | HWND: 6816652 | Name: ZPToolBarParentWnd
2020-10-19 23:37:06,805  | root | DEBUG | Two Zoom proccesses were found, proceeding with process with accurate vector information...
2020-10-19 23:37:06,805  | root | DEBUG | Zoom client vector structure is valid.
2020-10-19 23:37:16,493  | root | DEBUG | Python 3.9.0 (tags/v3.9.0:9cf6752, Oct  5 2020, 15:34:40) [MSC v.1927 64 bit (AMD64)] 64bit on win32

2020-10-19 23:37:16,578  | root | DEBUG | PID: 10748662 | HWND: 10748662 | Name: Zoom
2020-10-19 23:37:16,579  | root | DEBUG | PID: 6816652 | HWND: 6816652 | Name: ZPToolBarParentWnd
2020-10-19 23:37:16,593  | root | DEBUG | Two Zoom proccesses were found, proceeding with process with accurate vector information...
2020-10-19 23:37:16,593  | root | DEBUG | Zoom client vector structure is valid.
2020-10-19 23:37:37,321  | root | DEBUG | Python 3.9.0 (tags/v3.9.0:9cf6752, Oct  5 2020, 15:34:40) [MSC v.1927 64 bit (AMD64)] 64bit on win32

2020-10-19 23:37:37,406  | root | DEBUG | PID: 10748662 | HWND: 10748662 | Name: Zoom
2020-10-19 23:37:37,407  | root | DEBUG | PID: 6816652 | HWND: 6816652 | Name: ZPToolBarParentWnd
2020-10-19 23:37:37,422  | root | DEBUG | Two Zoom proccesses were found, proceeding with process with accurate vector information...
2020-10-19 23:37:37,423  | root | DEBUG | Zoom client vector structure is valid.
2020-10-19 23:40:15,629  | root | DEBUG | Python 3.9.0 (tags/v3.9.0:9cf6752, Oct  5 2020, 15:34:40) [MSC v.1927 64 bit (AMD64)] 64bit on win32

2020-10-19 23:40:15,713  | root | DEBUG | PID: 10748662 | HWND: 10748662 | Name: Zoom
2020-10-19 23:40:15,714  | root | DEBUG | PID: 6816652 | HWND: 6816652 | Name: ZPToolBarParentWnd
2020-10-19 23:40:15,729  | root | DEBUG | Two Zoom proccesses were found, proceeding with process with accurate vector information...
2020-10-19 23:40:15,730  | root | DEBUG | Zoom client vector structure is valid.
2020-10-19 23:40:35,846  | root | DEBUG | Python 3.9.0 (tags/v3.9.0:9cf6752, Oct  5 2020, 15:34:40) [MSC v.1927 64 bit (AMD64)] 64bit on win32

2020-10-19 23:40:35,970  | root | DEBUG | PID: 10748662 | HWND: 10748662 | Name: Zoom
2020-10-19 23:40:35,971  | root | DEBUG | PID: 6816652 | HWND: 6816652 | Name: ZPToolBarParentWnd
2020-10-19 23:40:35,986  | root | DEBUG | Two Zoom proccesses were found, proceeding with process with accurate vector information...
2020-10-19 23:40:35,992  | root | DEBUG | Zoom client vector structure is valid.
2020-10-19 23:44:56,507  | root | DEBUG | Python 3.9.0 (tags/v3.9.0:9cf6752, Oct  5 2020, 15:34:40) [MSC v.1927 64 bit (AMD64)] 64bit on win32

2020-10-19 23:44:56,590  | root | DEBUG | PID: 10748662 | HWND: 10748662 | Name: Zoom
2020-10-19 23:44:56,591  | root | DEBUG | PID: 6816652 | HWND: 6816652 | Name: ZPToolBarParentWnd
2020-10-19 23:44:56,606  | root | DEBUG | Two Zoom proccesses were found, proceeding with process with accurate vector information...
2020-10-19 23:44:56,610  | root | ERROR | Zoom client contained invalid vector boundaries. Testing the toolbar vector boundaries...
2020-10-19 23:44:56,610  | root | ERROR | Both processes were found but neither had accurate vector boundaries, is zoom minimised?
2020-10-19 23:44:59,346  | root | DEBUG | Python 3.9.0 (tags/v3.9.0:9cf6752, Oct  5 2020, 15:34:40) [MSC v.1927 64 bit (AMD64)] 64bit on win32

2020-10-19 23:44:59,429  | root | DEBUG | PID: 10748662 | HWND: 10748662 | Name: Zoom
2020-10-19 23:44:59,431  | root | DEBUG | PID: 6816652 | HWND: 6816652 | Name: ZPToolBarParentWnd
2020-10-19 23:44:59,445  | root | DEBUG | Two Zoom proccesses were found, proceeding with process with accurate vector information...
2020-10-19 23:44:59,446  | root | DEBUG | Zoom client vector structure is valid.
2020-10-19 23:55:18,032  | root | DEBUG | Python 3.9.0 (tags/v3.9.0:9cf6752, Oct  5 2020, 15:34:40) [MSC v.1927 64 bit (AMD64)] 64bit on win32

2020-10-19 23:55:18,116  | root | DEBUG | PID: 10748662 | HWND: 10748662 | Name: Zoom
2020-10-19 23:55:18,117  | root | DEBUG | PID: 6816652 | HWND: 6816652 | Name: ZPToolBarParentWnd
2020-10-19 23:55:18,132  | root | DEBUG | Two Zoom proccesses were found, proceeding with process with accurate vector information...
2020-10-19 23:55:18,132  | root | ERROR | Zoom client contained invalid vector boundaries. Testing the toolbar vector boundaries...
2020-10-19 23:55:18,132  | root | ERROR | Both processes were found but neither had accurate vector boundaries, is zoom minimised?
2020-10-19 23:55:20,922  | root | DEBUG | Python 3.9.0 (tags/v3.9.0:9cf6752, Oct  5 2020, 15:34:40) [MSC v.1927 64 bit (AMD64)] 64bit on win32

2020-10-19 23:55:21,005  | root | DEBUG | PID: 10748662 | HWND: 10748662 | Name: Zoom
2020-10-19 23:55:21,006  | root | DEBUG | PID: 6816652 | HWND: 6816652 | Name: ZPToolBarParentWnd
2020-10-19 23:55:21,022  | root | DEBUG | Two Zoom proccesses were found, proceeding with process with accurate vector information...
2020-10-19 23:55:21,027  | root | DEBUG | Zoom client vector structure is valid.
2020-10-19 23:55:26,520  | root | DEBUG | Python 3.9.0 (tags/v3.9.0:9cf6752, Oct  5 2020, 15:34:40) [MSC v.1927 64 bit (AMD64)] 64bit on win32

2020-10-19 23:55:26,604  | root | DEBUG | PID: 10748662 | HWND: 10748662 | Name: Zoom
2020-10-19 23:55:26,605  | root | DEBUG | PID: 6816652 | HWND: 6816652 | Name: ZPToolBarParentWnd
2020-10-19 23:55:26,621  | root | DEBUG | Two Zoom proccesses were found, proceeding with process with accurate vector information...
2020-10-19 23:55:26,622  | root | DEBUG | Zoom client vector structure is valid.
2020-10-19 23:55:48,394  | root | DEBUG | Python 3.9.0 (tags/v3.9.0:9cf6752, Oct  5 2020, 15:34:40) [MSC v.1927 64 bit (AMD64)] 64bit on win32

2020-10-19 23:55:48,499  | root | DEBUG | PID: 10748662 | HWND: 10748662 | Name: Zoom
2020-10-19 23:55:48,500  | root | DEBUG | PID: 6816652 | HWND: 6816652 | Name: ZPToolBarParentWnd
2020-10-19 23:55:48,521  | root | DEBUG | Two Zoom proccesses were found, proceeding with process with accurate vector information...
2020-10-19 23:55:48,521  | root | DEBUG | Zoom client vector structure is valid.
2020-10-19 23:56:20,346  | root | DEBUG | Python 3.9.0 (tags/v3.9.0:9cf6752, Oct  5 2020, 15:34:40) [MSC v.1927 64 bit (AMD64)] 64bit on win32

2020-10-19 23:56:20,457  | root | DEBUG | PID: 10748662 | HWND: 10748662 | Name: Zoom
2020-10-19 23:56:20,458  | root | DEBUG | PID: 6816652 | HWND: 6816652 | Name: ZPToolBarParentWnd
2020-10-19 23:56:20,481  | root | DEBUG | Two Zoom proccesses were found, proceeding with process with accurate vector information...
2020-10-19 23:56:20,489  | root | DEBUG | Zoom client vector structure is valid.
2020-10-19 23:58:02,639  | root | DEBUG | Python 3.9.0 (tags/v3.9.0:9cf6752, Oct  5 2020, 15:34:40) [MSC v.1927 64 bit (AMD64)] 64bit on win32

2020-10-19 23:58:02,727  | root | DEBUG | PID: 10748662 | HWND: 10748662 | Name: Zoom
2020-10-19 23:58:02,728  | root | DEBUG | PID: 6816652 | HWND: 6816652 | Name: ZPToolBarParentWnd
2020-10-19 23:58:02,753  | root | DEBUG | Two Zoom proccesses were found, proceeding with process with accurate vector information...
2020-10-19 23:58:02,754  | root | DEBUG | Zoom client vector structure is valid.
2020-10-19 23:58:40,704  | root | DEBUG | Python 3.9.0 (tags/v3.9.0:9cf6752, Oct  5 2020, 15:34:40) [MSC v.1927 64 bit (AMD64)] 64bit on win32

2020-10-19 23:58:40,789  | root | DEBUG | PID: 10748662 | HWND: 10748662 | Name: Zoom
2020-10-19 23:58:40,790  | root | DEBUG | PID: 6816652 | HWND: 6816652 | Name: ZPToolBarParentWnd
2020-10-19 23:58:40,814  | root | DEBUG | Two Zoom proccesses were found, proceeding with process with accurate vector information...
2020-10-19 23:58:40,815  | root | DEBUG | Zoom client vector structure is valid.
2020-10-19 23:59:53,338  | root | DEBUG | Python 3.9.0 (tags/v3.9.0:9cf6752, Oct  5 2020, 15:34:40) [MSC v.1927 64 bit (AMD64)] 64bit on win32

2020-10-19 23:59:53,421  | root | DEBUG | PID: 6816652 | HWND: 6816652 | Name: ZPToolBarParentWnd
2020-10-19 23:59:53,444  | root | DEBUG | Two Zoom proccesses were found, proceeding with process with accurate vector information...
2020-10-20 00:00:04,690  | root | DEBUG | Python 3.9.0 (tags/v3.9.0:9cf6752, Oct  5 2020, 15:34:40) [MSC v.1927 64 bit (AMD64)] 64bit on win32

2020-10-20 00:00:04,773  | root | DEBUG | PID: 10748662 | HWND: 10748662 | Name: Zoom
2020-10-20 00:00:04,774  | root | DEBUG | PID: 6816652 | HWND: 6816652 | Name: ZPToolBarParentWnd
2020-10-20 00:00:04,796  | root | DEBUG | Two Zoom proccesses were found, proceeding with process with accurate vector information...
2020-10-20 00:00:04,803  | root | DEBUG | Zoom client vector structure is valid.
2020-10-20 00:00:41,001  | root | DEBUG | Python 3.9.0 (tags/v3.9.0:9cf6752, Oct  5 2020, 15:34:40) [MSC v.1927 64 bit (AMD64)] 64bit on win32

2020-10-20 00:00:41,082  | root | DEBUG | PID: 10748662 | HWND: 10748662 | Name: Zoom
2020-10-20 00:00:41,083  | root | DEBUG | PID: 6816652 | HWND: 6816652 | Name: ZPToolBarParentWnd
2020-10-20 00:00:41,105  | root | DEBUG | Two Zoom proccesses were found, proceeding with process with accurate vector information...
2020-10-20 00:00:41,105  | root | DEBUG | Zoom client vector structure is valid.
2020-10-20 02:07:23,537  | root | DEBUG | Python 3.9.0 (tags/v3.9.0:9cf6752, Oct  5 2020, 15:34:40) [MSC v.1927 64 bit (AMD64)] 64bit on win32

2020-10-20 02:07:23,614  | root | ERROR | Zoom was not found, you're fucked...
2020-10-20 15:16:47,728  | root | DEBUG | Python 3.7.9 (tags/v3.7.9:13c94747c7, Aug 17 2020, 18:58:18) [MSC v.1900 64 bit (AMD64)] 64bit on win32

2020-10-20 15:16:47,831  | root | DEBUG | PID: 4915978 | HWND: 4915978 | Name: Zoom
2020-10-20 15:16:47,837  | root | DEBUG | PID: 526180 | HWND: 526180 | Name: ZPToolBarParentWnd
2020-10-20 15:16:47,848  | root | DEBUG | Two Zoom proccesses were found, proceeding with process with accurate vector information...
2020-10-20 15:16:47,848  | root | DEBUG | Zoom client vector structure is valid.
2020-10-20 15:23:02,499  | root | DEBUG | Python 3.7.9 (tags/v3.7.9:13c94747c7, Aug 17 2020, 18:58:18) [MSC v.1900 64 bit (AMD64)] 64bit on win32

2020-10-20 15:23:02,601  | root | DEBUG | PID: 4915978 | HWND: 4915978 | Name: Zoom
2020-10-20 15:23:02,608  | root | DEBUG | PID: 526180 | HWND: 526180 | Name: ZPToolBarParentWnd
2020-10-20 15:23:02,621  | root | DEBUG | Two Zoom proccesses were found, proceeding with process with accurate vector information...
2020-10-20 15:23:02,621  | root | DEBUG | Zoom client vector structure is valid.
2020-10-20 15:23:52,818  | root | DEBUG | Python 3.7.9 (tags/v3.7.9:13c94747c7, Aug 17 2020, 18:58:18) [MSC v.1900 64 bit (AMD64)] 64bit on win32

2020-10-20 15:23:52,916  | root | DEBUG | PID: 4915978 | HWND: 4915978 | Name: Zoom
2020-10-20 15:23:52,921  | root | DEBUG | PID: 526180 | HWND: 526180 | Name: ZPToolBarParentWnd
2020-10-20 15:23:52,937  | root | DEBUG | Two Zoom proccesses were found, proceeding with process with accurate vector information...
2020-10-20 15:23:52,938  | root | DEBUG | Zoom client vector structure is valid.
2020-10-20 15:25:20,899  | root | DEBUG | Python 3.7.9 (tags/v3.7.9:13c94747c7, Aug 17 2020, 18:58:18) [MSC v.1900 64 bit (AMD64)] 64bit on win32

2020-10-20 15:25:21,001  | root | DEBUG | PID: 526180 | HWND: 526180 | Name: ZPToolBarParentWnd
2020-10-20 15:25:21,001  | root | DEBUG | PID: 18548822 | HWND: 18548822 | Name: Zoom Meeting
2020-10-20 15:25:21,014  | root | DEBUG | Two Zoom proccesses were found, proceeding with process with accurate vector information...
2020-10-20 15:25:21,014  | root | DEBUG | Zoom client vector structure is valid.
2020-10-20 15:47:40,628  | root | DEBUG | Python 3.7.9 (tags/v3.7.9:13c94747c7, Aug 17 2020, 18:58:18) [MSC v.1900 64 bit (AMD64)] 64bit on win32

2020-10-20 15:47:40,730  | root | DEBUG | PID: 4915978 | HWND: 4915978 | Name: Zoom
2020-10-20 15:47:40,735  | root | DEBUG | PID: 526180 | HWND: 526180 | Name: ZPToolBarParentWnd
2020-10-20 15:47:40,736  | root | DEBUG | PID: 18548822 | HWND: 18548822 | Name: Zoom Meeting
2020-10-20 15:48:18,834  | root | DEBUG | Python 3.7.9 (tags/v3.7.9:13c94747c7, Aug 17 2020, 18:58:18) [MSC v.1900 64 bit (AMD64)] 64bit on win32

2020-10-20 15:48:18,933  | root | DEBUG | PID: 4915978 | HWND: 4915978 | Name: Zoom
2020-10-20 15:48:18,939  | root | DEBUG | PID: 526180 | HWND: 526180 | Name: ZPToolBarParentWnd
2020-10-20 15:48:18,941  | root | DEBUG | PID: 18548822 | HWND: 18548822 | Name: Zoom Meeting
2020-10-20 15:48:18,952  | root | DEBUG | Zoom meeting was found testing the vector boundaries...
2020-10-20 15:48:18,953  | root | DEBUG | Zoom meeting vector structure is valid. Proceeding.
2020-10-20 15:49:45,154  | root | DEBUG | Python 3.7.9 (tags/v3.7.9:13c94747c7, Aug 17 2020, 18:58:18) [MSC v.1900 64 bit (AMD64)] 64bit on win32

2020-10-20 15:49:45,250  | root | DEBUG | PID: 4915978 | HWND: 4915978 | Name: Zoom
2020-10-20 15:49:45,255  | root | DEBUG | PID: 2293844 | HWND: 2293844 | Name: Zoom
2020-10-20 15:49:45,256  | root | DEBUG | PID: 526180 | HWND: 526180 | Name: ZPToolBarParentWnd
2020-10-20 15:49:45,270  | root | DEBUG | Zoom client was found testing the vector boundaries...
2020-10-20 15:49:45,270  | root | DEBUG | Zoom client vector structure is valid. Proceeding.
2020-10-20 15:50:28,495  | root | DEBUG | Python 3.7.9 (tags/v3.7.9:13c94747c7, Aug 17 2020, 18:58:18) [MSC v.1900 64 bit (AMD64)] 64bit on win32

2020-10-20 15:50:28,593  | root | DEBUG | PID: 4915978 | HWND: 4915978 | Name: Zoom
2020-10-20 15:50:28,598  | root | DEBUG | PID: 2293844 | HWND: 2293844 | Name: Zoom
2020-10-20 15:50:28,602  | root | DEBUG | PID: 526180 | HWND: 526180 | Name: ZPToolBarParentWnd
2020-10-20 15:50:28,615  | root | DEBUG | Zoom client was found testing the vector boundaries...
2020-10-20 15:50:28,615  | root | DEBUG | Zoom client vector structure is invalid...
2020-10-20 15:50:28,615  | root | DEBUG | Zoom toolbar was found testing the vector boundaries...
2020-10-20 15:50:28,615  | root | DEBUG | Zoom toolbar vector structure is invalid...
2020-10-20 15:50:28,616  | root | ERROR | Zoom was not found, you're fucked... Next time make sure it is open geezer.
2020-10-20 15:50:28,616  | root | DEBUG | Windows had issues handling the application. This is why I reccomend linux.
2020-10-20 15:50:54,977  | root | DEBUG | Python 3.7.9 (tags/v3.7.9:13c94747c7, Aug 17 2020, 18:58:18) [MSC v.1900 64 bit (AMD64)] 64bit on win32

2020-10-20 15:50:55,072  | root | DEBUG | PID: 4915978 | HWND: 4915978 | Name: Zoom
2020-10-20 15:50:55,077  | root | DEBUG | PID: 526180 | HWND: 526180 | Name: ZPToolBarParentWnd
2020-10-20 15:50:55,082  | root | DEBUG | PID: 18548822 | HWND: 18548822 | Name: Zoom Meeting
2020-10-20 15:50:55,095  | root | DEBUG | Zoom meeting was found testing the vector boundaries...
2020-10-20 15:50:55,095  | root | DEBUG | Zoom meeting vector structure is valid. Proceeding.
2020-10-20 15:53:13,569  | root | DEBUG | Python 3.7.9 (tags/v3.7.9:13c94747c7, Aug 17 2020, 18:58:18) [MSC v.1900 64 bit (AMD64)] 64bit on win32

2020-10-20 15:53:13,668  | root | DEBUG | PID: 4915978 | HWND: 4915978 | Name: Zoom
2020-10-20 15:53:13,673  | root | DEBUG | PID: 526180 | HWND: 526180 | Name: ZPToolBarParentWnd
2020-10-20 15:53:13,673  | root | DEBUG | PID: 18548822 | HWND: 18548822 | Name: Zoom Meeting
2020-10-20 15:53:13,684  | root | DEBUG | Zoom meeting was found testing the vector boundaries...
2020-10-20 15:53:13,684  | root | DEBUG | Zoom meeting vector structure is valid. Proceeding.
2020-10-20 15:53:54,146  | root | DEBUG | Python 3.7.9 (tags/v3.7.9:13c94747c7, Aug 17 2020, 18:58:18) [MSC v.1900 64 bit (AMD64)] 64bit on win32

2020-10-20 15:53:54,244  | root | DEBUG | PID: 4915978 | HWND: 4915978 | Name: Zoom
2020-10-20 15:53:54,250  | root | DEBUG | PID: 526180 | HWND: 526180 | Name: ZPToolBarParentWnd
2020-10-20 15:53:54,250  | root | DEBUG | PID: 18548822 | HWND: 18548822 | Name: Zoom Meeting
2020-10-20 15:53:54,262  | root | DEBUG | Zoom meeting was found testing the vector boundaries...
2020-10-20 15:53:54,262  | root | DEBUG | Zoom meeting vector structure is valid. Proceeding.
2020-10-20 15:55:12,563  | root | DEBUG | Python 3.7.9 (tags/v3.7.9:13c94747c7, Aug 17 2020, 18:58:18) [MSC v.1900 64 bit (AMD64)] 64bit on win32

2020-10-20 15:55:12,662  | root | DEBUG | PID: 4915978 | HWND: 4915978 | Name: Zoom
2020-10-20 15:55:12,667  | root | DEBUG | PID: 526180 | HWND: 526180 | Name: ZPToolBarParentWnd
2020-10-20 15:55:12,667  | root | DEBUG | PID: 18548822 | HWND: 18548822 | Name: Zoom Meeting
2020-10-20 15:55:12,679  | root | DEBUG | Zoom meeting was found testing the vector boundaries...
2020-10-20 15:55:12,679  | root | DEBUG | Zoom meeting vector structure is valid. Proceeding.
2020-10-20 15:55:45,713  | root | DEBUG | Python 3.7.9 (tags/v3.7.9:13c94747c7, Aug 17 2020, 18:58:18) [MSC v.1900 64 bit (AMD64)] 64bit on win32

2020-10-20 15:55:45,810  | root | DEBUG | PID: 4915978 | HWND: 4915978 | Name: Zoom
2020-10-20 15:55:45,815  | root | DEBUG | PID: 526180 | HWND: 526180 | Name: ZPToolBarParentWnd
2020-10-20 15:55:45,815  | root | DEBUG | PID: 18548822 | HWND: 18548822 | Name: Zoom Meeting
2020-10-20 15:55:45,827  | root | DEBUG | Zoom meeting was found testing the vector boundaries...
2020-10-20 15:55:45,828  | root | DEBUG | Zoom meeting vector structure is valid. Proceeding.
2020-10-20 15:56:04,004  | root | DEBUG | Python 3.7.9 (tags/v3.7.9:13c94747c7, Aug 17 2020, 18:58:18) [MSC v.1900 64 bit (AMD64)] 64bit on win32

2020-10-20 15:56:04,105  | root | DEBUG | PID: 4915978 | HWND: 4915978 | Name: Zoom
2020-10-20 15:56:04,110  | root | DEBUG | PID: 526180 | HWND: 526180 | Name: ZPToolBarParentWnd
2020-10-20 15:56:04,110  | root | DEBUG | PID: 18548822 | HWND: 18548822 | Name: Zoom Meeting
2020-10-20 15:56:04,123  | root | DEBUG | Zoom meeting was found testing the vector boundaries...
2020-10-20 15:56:04,123  | root | DEBUG | Zoom meeting vector structure is valid. Proceeding.
2020-10-20 15:56:41,571  | root | DEBUG | Python 3.7.9 (tags/v3.7.9:13c94747c7, Aug 17 2020, 18:58:18) [MSC v.1900 64 bit (AMD64)] 64bit on win32

2020-10-20 15:56:41,681  | root | DEBUG | PID: 852828 | HWND: 852828 | Name: ZPToolBarParentWnd
2020-10-20 15:56:41,683  | root | DEBUG | Zoom toolbar was found testing the vector boundaries...
2020-10-20 15:56:41,683  | root | DEBUG | Zoom toolbar vector structure is invalid...
2020-10-20 15:56:41,690  | root | ERROR | Zoom was not found, you're fucked... Next time make sure it is open geezer.
2020-10-20 15:56:41,690  | root | DEBUG | Windows had issues handling the application. This is why I reccomend linux.
